0 info it worked if it ends with ok
1 verbose cli [ '/usr/local/Cellar/node/6.9.1/bin/node',
1 verbose cli   '/usr/local/bin/npm',
1 verbose cli   'run',
1 verbose cli   'update-webdriver' ]
2 info using npm@3.10.8
3 info using node@v6.9.1
4 verbose run-script [ 'preupdate-webdriver',
4 verbose run-script   'update-webdriver',
4 verbose run-script   'postupdate-webdriver' ]
5 info lifecycle prescriptions@0.0.0~preupdate-webdriver: prescriptions@0.0.0
6 verbose lifecycle prescriptions@0.0.0~preupdate-webdriver: unsafe-perm in lifecycle true
7 verbose lifecycle prescriptions@0.0.0~preupdate-webdriver: PATH: /usr/local/lib/node_modules/npm/bin/node-gyp-bin:/Library/WebServer/Documents/angular/prescriptions/node_modules/.bin:/usr/local/Cellar/node/6.9.1/bin:/usr/local/bin:/usr/bin:/bin:/usr/sbin:/sbin:/opt/X11/bin
8 verbose lifecycle prescriptions@0.0.0~preupdate-webdriver: CWD: /Library/WebServer/Documents/angular/prescriptions
9 silly lifecycle prescriptions@0.0.0~preupdate-webdriver: Args: [ '-c', 'yarn install' ]
10 silly lifecycle prescriptions@0.0.0~preupdate-webdriver: Returned: code: 0  signal: null
11 info lifecycle prescriptions@0.0.0~update-webdriver: prescriptions@0.0.0
12 verbose lifecycle prescriptions@0.0.0~update-webdriver: unsafe-perm in lifecycle true
13 verbose lifecycle prescriptions@0.0.0~update-webdriver: PATH: /usr/local/lib/node_modules/npm/bin/node-gyp-bin:/Library/WebServer/Documents/angular/prescriptions/node_modules/.bin:/usr/local/Cellar/node/6.9.1/bin:/usr/local/bin:/usr/bin:/bin:/usr/sbin:/sbin:/opt/X11/bin
14 verbose lifecycle prescriptions@0.0.0~update-webdriver: CWD: /Library/WebServer/Documents/angular/prescriptions
15 silly lifecycle prescriptions@0.0.0~update-webdriver: Args: [ '-c', 'webdriver-manager update' ]
16 info lifecycle prescriptions@0.0.0~update-webdriver: Failed to exec update-webdriver script
17 verbose stack Error: prescriptions@0.0.0 update-webdriver: `webdriver-manager update`
17 verbose stack spawn ENOENT
17 verbose stack     at ChildProcess.<anonymous> (/usr/local/lib/node_modules/npm/lib/utils/spawn.js:33:16)
17 verbose stack     at emitTwo (events.js:106:13)
17 verbose stack     at ChildProcess.emit (events.js:191:7)
17 verbose stack     at maybeClose (internal/child_process.js:877:16)
17 verbose stack     at Process.ChildProcess._handle.onexit (internal/child_process.js:226:5)
18 verbose pkgid prescriptions@0.0.0
19 verbose cwd /Library/WebServer/Documents/angular/prescriptions
20 error Darwin 14.5.0
21 error argv "/usr/local/Cellar/node/6.9.1/bin/node" "/usr/local/bin/npm" "run" "update-webdriver"
22 error node v6.9.1
23 error npm  v3.10.8
24 error file sh
25 error code ELIFECYCLE
26 error errno ENOENT
27 error syscall spawn
28 error prescriptions@0.0.0 update-webdriver: `webdriver-manager update`
28 error spawn ENOENT
29 error Failed at the prescriptions@0.0.0 update-webdriver script 'webdriver-manager update'.
29 error Make sure you have the latest version of node.js and npm installed.
29 error If you do, this is most likely a problem with the prescriptions package,
29 error not with npm itself.
29 error Tell the author that this fails on your system:
29 error     webdriver-manager update
29 error You can get information on how to open an issue for this project with:
29 error     npm bugs prescriptions
29 error Or if that isn't available, you can get their info via:
29 error     npm owner ls prescriptions
29 error There is likely additional logging output above.
30 verbose exit [ 1, true ]
